<?xml version="1.0" encoding="UTF-8"?>
<testsuite name="com.ghostgramlabs.speakalert.ui.home.HomeViewModelTest" tests="6" skipped="0" failures="0" errors="0" timestamp="2026-02-14T18:47:15" hostname="SAS" time="0.055">
  <properties/>
  <testcase name="uiState shows overdue reminders in today list" classname="com.ghostgramlabs.speakalert.ui.home.HomeViewModelTest" time="0.03"/>
  <testcase name="deleteReminder cancels alarm and deletes from repo" classname="com.ghostgramlabs.speakalert.ui.home.HomeViewModelTest" time="0.004"/>
  <testcase name="markTodayAsDone advances recurring reminder" classname="com.ghostgramlabs.speakalert.ui.home.HomeViewModelTest" time="0.005"/>
  <testcase name="uiState separates today and upcoming reminders correctly" classname="com.ghostgramlabs.speakalert.ui.home.HomeViewModelTest" time="0.007"/>
  <testcase name="markAsDone completes one-time reminder" classname="com.ghostgramlabs.speakalert.ui.home.HomeViewModelTest" time="0.005"/>
  <testcase name="dismissMissedReminder deletes from missed repository by ID" classname="com.ghostgramlabs.speakalert.ui.home.HomeViewModelTest" time="0.004"/>
  <system-out><![CDATA[]]></system-out>
  <system-err><![CDATA[]]></system-err>
</testsuite>
