<?xml version="1.0" encoding="UTF-8"?>
<testsuite name="com.ghostgramlabs.speakalert.domain.RecurrenceUtilsTest" tests="18" skipped="0" failures="0" errors="0" timestamp="2026-02-15T01:22:06" hostname="SAS" time="0.019">
  <properties/>
  <testcase name="testWeeklyTodayFutureSuccess" classname="com.ghostgramlabs.speakalert.domain.RecurrenceUtilsTest" time="0.001"/>
  <testcase name="testMonthlyClampingApril31To30" classname="com.ghostgramlabs.speakalert.domain.RecurrenceUtilsTest" time="0.0"/>
  <testcase name="testCustomEvery2Days" classname="com.ghostgramlabs.speakalert.domain.RecurrenceUtilsTest" time="0.008"/>
  <testcase name="testAlignmentOnSaveExactMatch" classname="com.ghostgramlabs.speakalert.domain.RecurrenceUtilsTest" time="0.001"/>
  <testcase name="testCustomEvery3Weeks" classname="com.ghostgramlabs.speakalert.domain.RecurrenceUtilsTest" time="0.0"/>
  <testcase name="testMarkDoneEarlyAdvancesToNextOccurrence" classname="com.ghostgramlabs.speakalert.domain.RecurrenceUtilsTest" time="0.0"/>
  <testcase name="testMonthlyLeapYear" classname="com.ghostgramlabs.speakalert.domain.RecurrenceUtilsTest" time="0.001"/>
  <testcase name="testWeeklyMultiDayCrossWeek" classname="com.ghostgramlabs.speakalert.domain.RecurrenceUtilsTest" time="0.001"/>
  <testcase name="testDailyTodayFutureSuccess" classname="com.ghostgramlabs.speakalert.domain.RecurrenceUtilsTest" time="0.001"/>
  <testcase name="testEndRuleUntilDate" classname="com.ghostgramlabs.speakalert.domain.RecurrenceUtilsTest" time="0.0"/>
  <testcase name="testMarkDoneExactTimeAdvancesToNextOccurrence" classname="com.ghostgramlabs.speakalert.domain.RecurrenceUtilsTest" time="0.0"/>
  <testcase name="testMonthlyLastDay" classname="com.ghostgramlabs.speakalert.domain.RecurrenceUtilsTest" time="0.001"/>
  <testcase name="testEndRuleUntilDateInclusivity" classname="com.ghostgramlabs.speakalert.domain.RecurrenceUtilsTest" time="0.0"/>
  <testcase name="testMonthly31stClampsToFeb28" classname="com.ghostgramlabs.speakalert.domain.RecurrenceUtilsTest" time="0.001"/>
  <testcase name="testMonthlyTodayFutureSuccess" classname="com.ghostgramlabs.speakalert.domain.RecurrenceUtilsTest" time="0.0"/>
  <testcase name="testEndRuleAfterOccurrences" classname="com.ghostgramlabs.speakalert.domain.RecurrenceUtilsTest" time="0.001"/>
  <testcase name="testGetRecurrenceSummary" classname="com.ghostgramlabs.speakalert.domain.RecurrenceUtilsTest" time="0.0"/>
  <testcase name="testMonthlyTodayFutureWithSecondsBug" classname="com.ghostgramlabs.speakalert.domain.RecurrenceUtilsTest" time="0.0"/>
  <system-out><![CDATA[]]></system-out>
  <system-err><![CDATA[]]></system-err>
</testsuite>
