<?xml version="1.0" encoding="UTF-8"?>
<testsuite name="com.ghostgramlabs.speakalert.domain.RecurrenceSummaryTest" tests="7" skipped="0" failures="0" errors="0" timestamp="2026-02-14T18:47:14" hostname="SAS" time="0.061">
  <properties/>
  <testcase name="testOneTime" classname="com.ghostgramlabs.speakalert.domain.RecurrenceSummaryTest" time="0.032"/>
  <testcase name="testDaily" classname="com.ghostgramlabs.speakalert.domain.RecurrenceSummaryTest" time="0.002"/>
  <testcase name="testWithEndRuleAndPolicy" classname="com.ghostgramlabs.speakalert.domain.RecurrenceSummaryTest" time="0.013"/>
  <testcase name="testCustom" classname="com.ghostgramlabs.speakalert.domain.RecurrenceSummaryTest" time="0.003"/>
  <testcase name="testMonthlyLastDay" classname="com.ghostgramlabs.speakalert.domain.RecurrenceSummaryTest" time="0.004"/>
  <testcase name="testWeekly" classname="com.ghostgramlabs.speakalert.domain.RecurrenceSummaryTest" time="0.004"/>
  <testcase name="testMonthlyDay" classname="com.ghostgramlabs.speakalert.domain.RecurrenceSummaryTest" time="0.001"/>
  <system-out><![CDATA[One-time summary: One-time • Tomorrow, 10:00 AM
]]></system-out>
  <system-err><![CDATA[]]></system-err>
</testsuite>
