<?xml version="1.0" encoding="UTF-8"?>
<testsuite name="com.ghostgramlabs.speakalert.ui.addedit.AddEditViewModelTest" tests="9" skipped="0" failures="0" errors="0" timestamp="2026-02-11T03:10:17" hostname="SAS" time="0.442">
  <properties/>
  <testcase name="startRecording updates state and starts recorder" classname="com.ghostgramlabs.speakalert.ui.addedit.AddEditViewModelTest" time="0.345"/>
  <testcase name="stopRecording updates state and stops recorder" classname="com.ghostgramlabs.speakalert.ui.addedit.AddEditViewModelTest" time="0.012"/>
  <testcase name="saveReminder with no text and no audio shows error" classname="com.ghostgramlabs.speakalert.ui.addedit.AddEditViewModelTest" time="0.012"/>
  <testcase name="stopPlayback calls player stop" classname="com.ghostgramlabs.speakalert.ui.addedit.AddEditViewModelTest" time="0.011"/>
  <testcase name="saveReminder with valid text saves to repository and shedules alarm" classname="com.ghostgramlabs.speakalert.ui.addedit.AddEditViewModelTest" time="0.013"/>
  <testcase name="playRecording calls player play" classname="com.ghostgramlabs.speakalert.ui.addedit.AddEditViewModelTest" time="0.011"/>
  <testcase name="loadReminder populates ui state" classname="com.ghostgramlabs.speakalert.ui.addedit.AddEditViewModelTest" time="0.01"/>
  <testcase name="saveReminder with empty title generates smart title from text" classname="com.ghostgramlabs.speakalert.ui.addedit.AddEditViewModelTest" time="0.017"/>
  <testcase name="seekTo calls player seekTo" classname="com.ghostgramlabs.speakalert.ui.addedit.AddEditViewModelTest" time="0.009"/>
  <system-out><![CDATA[]]></system-out>
  <system-err><![CDATA[]]></system-err>
</testsuite>
