<?xml version="1.0" encoding="UTF-8"?>
<testsuite name="com.ghostgramlabs.speakalert.ui.settings.SettingsViewModelTest" tests="2" skipped="0" failures="0" errors="0" timestamp="2026-02-15T13:41:18" hostname="SAS" time="0.026">
  <properties/>
  <testcase name="setThemeMode calls repository" classname="com.ghostgramlabs.speakalert.ui.settings.SettingsViewModelTest" time="0.011"/>
  <testcase name="themeMode state reflects repository value" classname="com.ghostgramlabs.speakalert.ui.settings.SettingsViewModelTest" time="0.014"/>
  <system-out><![CDATA[]]></system-out>
  <system-err><![CDATA[]]></system-err>
</testsuite>
