<?xml version="1.0" encoding="UTF-8"?>
<testsuite name="com.ghostgramlabs.speakalert.domain.RecurrenceSummaryTest" tests="7" skipped="0" failures="0" errors="0" timestamp="2026-02-15T01:22:06" hostname="SAS" time="0.084">
  <properties/>
  <testcase name="testOneTime" classname="com.ghostgramlabs.speakalert.domain.RecurrenceSummaryTest" time="0.043"/>
  <testcase name="testDaily" classname="com.ghostgramlabs.speakalert.domain.RecurrenceSummaryTest" time="0.003"/>
  <testcase name="testWithEndRuleAndPolicy" classname="com.ghostgramlabs.speakalert.domain.RecurrenceSummaryTest" time="0.017"/>
  <testcase name="testCustom" classname="com.ghostgramlabs.speakalert.domain.RecurrenceSummaryTest" time="0.006"/>
  <testcase name="testMonthlyLastDay" classname="com.ghostgramlabs.speakalert.domain.RecurrenceSummaryTest" time="0.005"/>
  <testcase name="testWeekly" classname="com.ghostgramlabs.speakalert.domain.RecurrenceSummaryTest" time="0.006"/>
  <testcase name="testMonthlyDay" classname="com.ghostgramlabs.speakalert.domain.RecurrenceSummaryTest" time="0.002"/>
  <system-out><![CDATA[One-time summary: One-time • Tomorrow, 10:00 AM
]]></system-out>
  <system-err><![CDATA[]]></system-err>
</testsuite>
